\BOOKMARK [1][-]{section.1}{1 Einleitung}{}% 1
\BOOKMARK [1][-]{section.2}{2 Technische Grundlagen}{}% 2
\BOOKMARK [2][-]{subsection.2.1}{2.1 analoges Theremin}{section.2}% 3
\BOOKMARK [2][-]{subsection.2.2}{2.2 digitales Theremin}{section.2}% 4
\BOOKMARK [1][-]{section.3}{3 Realisierung}{}% 5
\BOOKMARK [2][-]{subsection.3.1}{3.1 Antennenoszillator}{section.3}% 6
\BOOKMARK [2][-]{subsection.3.2}{3.2 Referenzoszillator}{section.3}% 7
\BOOKMARK [2][-]{subsection.3.3}{3.3 Mischer}{section.3}% 8
\BOOKMARK [2][-]{subsection.3.4}{3.4 Filter}{section.3}% 9
\BOOKMARK [2][-]{subsection.3.5}{3.5 Tongenerierung}{section.3}% 10
\BOOKMARK [1][-]{section.4}{4 Validierung}{}% 11
\BOOKMARK [2][-]{subsection.4.1}{4.1 Inbetriebnahme PCB}{section.4}% 12
\BOOKMARK [2][-]{subsection.4.2}{4.2 Simulation}{section.4}% 13
\BOOKMARK [2][-]{subsection.4.3}{4.3 Debugging}{section.4}% 14
\BOOKMARK [1][-]{section.5}{5 Schlusswort}{}% 15
\BOOKMARK [1][-]{section.6}{6 Ehrlichkeitserkl\344rung}{}% 16
\BOOKMARK [1][-]{section*.28}{Literatur}{}% 17
\BOOKMARK [1][-]{appendix.A}{A Projektkl\344rung}{}% 18
\BOOKMARK [1][-]{appendix.B}{B Schema Antennenoszillator}{}% 19
\BOOKMARK [1][-]{appendix.C}{C PCB Antennenoszillator}{}% 20
